app/build/intermediates/manifest_merge_blame_file/release/processReleaseMainManifest/manifest-merger-blame-release-report.txt
1<?xml version="1.0" encoding="utf-8"?>
2<manifest xmlns:android="http://schemas.android.com/apk/res/android"
3    package="com.hydra.app"
4    android:versionCode="1"
5    android:versionName="1.0" >
6
7    <uses-sdk
7-->INJECTED
8        android:minSdkVersion="26"
8-->INJECTED
9        android:targetSdkVersion="36" />
9-->INJECTED
10
11    <!-- Permissions -->
12    <uses-permission android:name="android.permission.POST_NOTIFICATIONS" />
12-->src/main/AndroidManifest.xml:6:5-77
12-->src/main/AndroidManifest.xml:6:22-74
13    <uses-permission android:name="android.permission.FOREGROUND_SERVICE" />
13-->src/main/AndroidManifest.xml:7:5-77
13-->src/main/AndroidManifest.xml:7:22-74
14    <uses-permission android:name="android.permission.FOREGROUND_SERVICE_DATA_SYNC" />
14-->src/main/AndroidManifest.xml:8:5-87
14-->src/main/AndroidManifest.xml:8:22-84
15    <uses-permission android:name="android.permission.RECEIVE_BOOT_COMPLETED" />
15-->src/main/AndroidManifest.xml:9:5-81
15-->src/main/AndroidManifest.xml:9:22-78
16    <uses-permission android:name="android.permission.SCHEDULE_EXACT_ALARM" />
16-->src/main/AndroidManifest.xml:10:5-11:37
16-->src/main/AndroidManifest.xml:10:22-76
17    <uses-permission android:name="android.permission.USE_EXACT_ALARM" />
17-->src/main/AndroidManifest.xml:12:5-74
17-->src/main/AndroidManifest.xml:12:22-71
18    <uses-permission android:name="android.permission.PACKAGE_USAGE_STATS" />
18-->src/main/AndroidManifest.xml:13:5-14:47
18-->src/main/AndroidManifest.xml:13:22-75
19    <uses-permission android:name="android.permission.USE_FULL_SCREEN_INTENT" />
19-->src/main/AndroidManifest.xml:15:5-81
19-->src/main/AndroidManifest.xml:15:22-78
20    <uses-permission android:name="android.permission.SYSTEM_ALERT_WINDOW" />
20-->src/main/AndroidManifest.xml:16:5-78
20-->src/main/AndroidManifest.xml:16:22-75
21    <uses-permission android:name="android.permission.WAKE_LOCK" />
21-->[androidx.work:work-runtime:2.10.1] AndroidManifest.xml:23:5-68
21-->[androidx.work:work-runtime:2.10.1] AndroidManifest.xml:23:22-65
22    <uses-permission android:name="android.permission.ACCESS_NETWORK_STATE" />
22-->[androidx.work:work-runtime:2.10.1] AndroidManifest.xml:24:5-79
22-->[androidx.work:work-runtime:2.10.1] AndroidManifest.xml:24:22-76
23
24    <permission
24-->[androidx.core:core:1.16.0] AndroidManifest.xml:22:5-24:47
25        android:name="com.hydra.app.DYNAMIC_RECEIVER_NOT_EXPORTED_PERMISSION"
25-->[androidx.core:core:1.16.0] AndroidManifest.xml:23:9-81
26        android:protectionLevel="signature" />
26-->[androidx.core:core:1.16.0] AndroidManifest.xml:24:9-44
27
28    <uses-permission android:name="com.hydra.app.DYNAMIC_RECEIVER_NOT_EXPORTED_PERMISSION" />
28-->[androidx.core:core:1.16.0] AndroidManifest.xml:26:5-97
28-->[androidx.core:core:1.16.0] AndroidManifest.xml:26:22-94
29
30    <application
30-->src/main/AndroidManifest.xml:18:5-84:19
31        android:name="com.hydra.app.HydraApp"
31-->src/main/AndroidManifest.xml:19:9-33
32        android:allowBackup="true"
32-->src/main/AndroidManifest.xml:20:9-35
33        android:appComponentFactory="androidx.core.app.CoreComponentFactory"
33-->[androidx.core:core:1.16.0] AndroidManifest.xml:28:18-86
34        android:dataExtractionRules="@xml/data_extraction_rules"
34-->src/main/AndroidManifest.xml:21:9-65
35        android:extractNativeLibs="false"
35-->INJECTED
36        android:fullBackupContent="@xml/backup_rules"
36-->src/main/AndroidManifest.xml:22:9-54
37        android:icon="@mipmap/ic_launcher"
37-->src/main/AndroidManifest.xml:23:9-43
38        android:label="@string/app_name"
38-->src/main/AndroidManifest.xml:24:9-41
39        android:roundIcon="@mipmap/ic_launcher_round"
39-->src/main/AndroidManifest.xml:25:9-54
40        android:supportsRtl="true"
40-->src/main/AndroidManifest.xml:26:9-35
41        android:theme="@style/Theme.Hydra" >
41-->src/main/AndroidManifest.xml:27:9-43
42
43        <!-- Reminder engine: foreground service -->
44        <service
44-->src/main/AndroidManifest.xml:30:9-33:40
45            android:name="com.hydra.app.service.ReminderForegroundService"
45-->src/main/AndroidManifest.xml:31:13-62
46            android:exported="false"
46-->src/main/AndroidManifest.xml:33:13-37
47            android:foregroundServiceType="dataSync" />
47-->src/main/AndroidManifest.xml:32:13-53
48
49        <!-- Alarm receiver for cooldown/snooze expiry and day reset -->
50        <receiver
50-->src/main/AndroidManifest.xml:36:9-44:20
51            android:name="com.hydra.app.service.ReminderAlarmReceiver"
51-->src/main/AndroidManifest.xml:37:13-58
52            android:exported="false" >
52-->src/main/AndroidManifest.xml:38:13-37
53            <intent-filter>
53-->src/main/AndroidManifest.xml:39:13-43:29
54                <action android:name="com.hydra.app.ACTION_COOLDOWN_EXPIRED" />
54-->src/main/AndroidManifest.xml:40:17-80
54-->src/main/AndroidManifest.xml:40:25-77
55                <action android:name="com.hydra.app.ACTION_SNOOZE_EXPIRED" />
55-->src/main/AndroidManifest.xml:41:17-78
55-->src/main/AndroidManifest.xml:41:25-75
56                <action android:name="com.hydra.app.ACTION_DAY_RESET" />
56-->src/main/AndroidManifest.xml:42:17-73
56-->src/main/AndroidManifest.xml:42:25-70
57            </intent-filter>
58        </receiver>
59
60        <!-- Boot receiver to restart service on boot -->
61        <receiver
61-->src/main/AndroidManifest.xml:47:9-56:20
62            android:name="com.hydra.app.service.BootReceiver"
62-->src/main/AndroidManifest.xml:48:13-49
63            android:exported="true" >
63-->src/main/AndroidManifest.xml:49:13-36
64            <intent-filter>
64-->src/main/AndroidManifest.xml:50:13-55:29
65                <action android:name="android.intent.action.BOOT_COMPLETED" />
65-->src/main/AndroidManifest.xml:51:17-79
65-->src/main/AndroidManifest.xml:51:25-76
66                <action android:name="android.intent.action.MY_PACKAGE_REPLACED" />
66-->src/main/AndroidManifest.xml:52:17-84
66-->src/main/AndroidManifest.xml:52:25-81
67                <action android:name="android.intent.action.TIMEZONE_CHANGED" />
67-->src/main/AndroidManifest.xml:53:17-81
67-->src/main/AndroidManifest.xml:53:25-78
68                <action android:name="android.intent.action.TIME_SET" />
68-->src/main/AndroidManifest.xml:54:17-73
68-->src/main/AndroidManifest.xml:54:25-70
69            </intent-filter>
70        </receiver>
71
72        <!-- Notification action receiver -->
73        <receiver
73-->src/main/AndroidManifest.xml:59:9-70:20
74            android:name="com.hydra.app.service.NotificationActionReceiver"
74-->src/main/AndroidManifest.xml:60:13-63
75            android:exported="false" >
75-->src/main/AndroidManifest.xml:61:13-37
76            <intent-filter>
76-->src/main/AndroidManifest.xml:62:13-69:29
77                <action android:name="com.hydra.app.ACTION_ADD_250ML" />
77-->src/main/AndroidManifest.xml:63:17-73
77-->src/main/AndroidManifest.xml:63:25-70
78                <action android:name="com.hydra.app.ACTION_SNOOZE_5" />
78-->src/main/AndroidManifest.xml:64:17-72
78-->src/main/AndroidManifest.xml:64:25-69
79                <action android:name="com.hydra.app.ACTION_SNOOZE_10" />
79-->src/main/AndroidManifest.xml:65:17-73
79-->src/main/AndroidManifest.xml:65:25-70
80                <action android:name="com.hydra.app.ACTION_SNOOZE_15" />
80-->src/main/AndroidManifest.xml:66:17-73
80-->src/main/AndroidManifest.xml:66:25-70
81                <action android:name="com.hydra.app.ACTION_SNOOZE_30" />
81-->src/main/AndroidManifest.xml:67:17-73
81-->src/main/AndroidManifest.xml:67:25-70
82                <action android:name="com.hydra.app.ACTION_DISMISS" />
82-->src/main/AndroidManifest.xml:68:17-71
82-->src/main/AndroidManifest.xml:68:25-68
83            </intent-filter>
84        </receiver>
85
86        <activity
86-->src/main/AndroidManifest.xml:72:9-83:20
87            android:name="com.hydra.app.MainActivity"
87-->src/main/AndroidManifest.xml:73:13-41
88            android:exported="true"
88-->src/main/AndroidManifest.xml:74:13-36
89            android:label="@string/app_name"
89-->src/main/AndroidManifest.xml:75:13-45
90            android:launchMode="singleTop"
90-->src/main/AndroidManifest.xml:76:13-43
91            android:theme="@style/Theme.Hydra"
91-->src/main/AndroidManifest.xml:77:13-47
92            android:windowSoftInputMode="adjustResize" >
92-->src/main/AndroidManifest.xml:78:13-55
93            <intent-filter>
93-->src/main/AndroidManifest.xml:79:13-82:29
94                <action android:name="android.intent.action.MAIN" />
94-->src/main/AndroidManifest.xml:80:17-69
94-->src/main/AndroidManifest.xml:80:25-66
95
96                <category android:name="android.intent.category.LAUNCHER" />
96-->src/main/AndroidManifest.xml:81:17-77
96-->src/main/AndroidManifest.xml:81:27-74
97            </intent-filter>
98        </activity>
99
100        <provider
100-->[androidx.work:work-runtime:2.10.1] AndroidManifest.xml:29:9-37:20
101            android:name="androidx.startup.InitializationProvider"
101-->[androidx.work:work-runtime:2.10.1] AndroidManifest.xml:30:13-67
102            android:authorities="com.hydra.app.androidx-startup"
102-->[androidx.work:work-runtime:2.10.1] AndroidManifest.xml:31:13-68
103            android:exported="false" >
103-->[androidx.work:work-runtime:2.10.1] AndroidManifest.xml:32:13-37
104            <meta-data
104-->[androidx.work:work-runtime:2.10.1] AndroidManifest.xml:34:13-36:52
105                android:name="androidx.work.WorkManagerInitializer"
105-->[androidx.work:work-runtime:2.10.1] AndroidManifest.xml:35:17-68
106                android:value="androidx.startup" />
106-->[androidx.work:work-runtime:2.10.1] AndroidManifest.xml:36:17-49
107            <meta-data
107-->[androidx.emoji2:emoji2:1.4.0] AndroidManifest.xml:29:13-31:52
108                android:name="androidx.emoji2.text.EmojiCompatInitializer"
108-->[androidx.emoji2:emoji2:1.4.0] AndroidManifest.xml:30:17-75
109                android:value="androidx.startup" />
109-->[androidx.emoji2:emoji2:1.4.0] AndroidManifest.xml:31:17-49
110            <meta-data
110-->[androidx.lifecycle:lifecycle-process:2.9.4] AndroidManifest.xml:29:13-31:52
111                android:name="androidx.lifecycle.ProcessLifecycleInitializer"
111-->[androidx.lifecycle:lifecycle-process:2.9.4] AndroidManifest.xml:30:17-78
112                android:value="androidx.startup" />
112-->[androidx.lifecycle:lifecycle-process:2.9.4] AndroidManifest.xml:31:17-49
113            <meta-data
113-->[androidx.profileinstaller:profileinstaller:1.4.0] AndroidManifest.xml:29:13-31:52
114                android:name="androidx.profileinstaller.ProfileInstallerInitializer"
114-->[androidx.profileinstaller:profileinstaller:1.4.0] AndroidManifest.xml:30:17-85
115                android:value="androidx.startup" />
115-->[androidx.profileinstaller:profileinstaller:1.4.0] AndroidManifest.xml:31:17-49
116        </provider>
117
118        <service
118-->[androidx.work:work-runtime:2.10.1] AndroidManifest.xml:39:9-45:35
119            android:name="androidx.work.impl.background.systemalarm.SystemAlarmService"
119-->[androidx.work:work-runtime:2.10.1] AndroidManifest.xml:40:13-88
120            android:directBootAware="false"
120-->[androidx.work:work-runtime:2.10.1] AndroidManifest.xml:41:13-44
121            android:enabled="@bool/enable_system_alarm_service_default"
121-->[androidx.work:work-runtime:2.10.1] AndroidManifest.xml:42:13-72
122            android:exported="false" />
122-->[androidx.work:work-runtime:2.10.1] AndroidManifest.xml:43:13-37
123        <service
123-->[androidx.work:work-runtime:2.10.1] AndroidManifest.xml:46:9-52:35
124            android:name="androidx.work.impl.background.systemjob.SystemJobService"
124-->[androidx.work:work-runtime:2.10.1] AndroidManifest.xml:47:13-84
125            android:directBootAware="false"
125-->[androidx.work:work-runtime:2.10.1] AndroidManifest.xml:48:13-44
126            android:enabled="@bool/enable_system_job_service_default"
126-->[androidx.work:work-runtime:2.10.1] AndroidManifest.xml:49:13-70
127            android:exported="true"
127-->[androidx.work:work-runtime:2.10.1] AndroidManifest.xml:50:13-36
128            android:permission="android.permission.BIND_JOB_SERVICE" />
128-->[androidx.work:work-runtime:2.10.1] AndroidManifest.xml:51:13-69
129        <service
129-->[androidx.work:work-runtime:2.10.1] AndroidManifest.xml:53:9-59:35
130            android:name="androidx.work.impl.foreground.SystemForegroundService"
130-->[androidx.work:work-runtime:2.10.1] AndroidManifest.xml:54:13-81
131            android:directBootAware="false"
131-->[androidx.work:work-runtime:2.10.1] AndroidManifest.xml:55:13-44
132            android:enabled="@bool/enable_system_foreground_service_default"
132-->[androidx.work:work-runtime:2.10.1] AndroidManifest.xml:56:13-77
133            android:exported="false" />
133-->[androidx.work:work-runtime:2.10.1] AndroidManifest.xml:57:13-37
134
135        <receiver
135-->[androidx.work:work-runtime:2.10.1] AndroidManifest.xml:61:9-66:35
136            android:name="androidx.work.impl.utils.ForceStopRunnable$BroadcastReceiver"
136-->[androidx.work:work-runtime:2.10.1] AndroidManifest.xml:62:13-88
137            android:directBootAware="false"
137-->[androidx.work:work-runtime:2.10.1] AndroidManifest.xml:63:13-44
138            android:enabled="true"
138-->[androidx.work:work-runtime:2.10.1] AndroidManifest.xml:64:13-35
139            android:exported="false" />
139-->[androidx.work:work-runtime:2.10.1] AndroidManifest.xml:65:13-37
140        <receiver
140-->[androidx.work:work-runtime:2.10.1] AndroidManifest.xml:67:9-77:20
141            android:name="androidx.work.impl.background.systemalarm.ConstraintProxy$BatteryChargingProxy"
141-->[androidx.work:work-runtime:2.10.1] AndroidManifest.xml:68:13-106
142            android:directBootAware="false"
142-->[androidx.work:work-runtime:2.10.1] AndroidManifest.xml:69:13-44
143            android:enabled="false"
143-->[androidx.work:work-runtime:2.10.1] AndroidManifest.xml:70:13-36
144            android:exported="false" >
144-->[androidx.work:work-runtime:2.10.1] AndroidManifest.xml:71:13-37
145            <intent-filter>
145-->[androidx.work:work-runtime:2.10.1] AndroidManifest.xml:73:13-76:29
146                <action android:name="android.intent.action.ACTION_POWER_CONNECTED" />
146-->[androidx.work:work-runtime:2.10.1] AndroidManifest.xml:74:17-87
146-->[androidx.work:work-runtime:2.10.1] AndroidManifest.xml:74:25-84
147                <action android:name="android.intent.action.ACTION_POWER_DISCONNECTED" />
147-->[androidx.work:work-runtime:2.10.1] AndroidManifest.xml:75:17-90
147-->[androidx.work:work-runtime:2.10.1] AndroidManifest.xml:75:25-87
148            </intent-filter>
149        </receiver>
150        <receiver
150-->[androidx.work:work-runtime:2.10.1] AndroidManifest.xml:78:9-88:20
151            android:name="androidx.work.impl.background.systemalarm.ConstraintProxy$BatteryNotLowProxy"
151-->[androidx.work:work-runtime:2.10.1] AndroidManifest.xml:79:13-104
152            android:directBootAware="false"
152-->[androidx.work:work-runtime:2.10.1] AndroidManifest.xml:80:13-44
153            android:enabled="false"
153-->[androidx.work:work-runtime:2.10.1] AndroidManifest.xml:81:13-36
154            android:exported="false" >
154-->[androidx.work:work-runtime:2.10.1] AndroidManifest.xml:82:13-37
155            <intent-filter>
155-->[androidx.work:work-runtime:2.10.1] AndroidManifest.xml:84:13-87:29
156                <action android:name="android.intent.action.BATTERY_OKAY" />
156-->[androidx.work:work-runtime:2.10.1] AndroidManifest.xml:85:17-77
156-->[androidx.work:work-runtime:2.10.1] AndroidManifest.xml:85:25-74
157                <action android:name="android.intent.action.BATTERY_LOW" />
157-->[androidx.work:work-runtime:2.10.1] AndroidManifest.xml:86:17-76
157-->[androidx.work:work-runtime:2.10.1] AndroidManifest.xml:86:25-73
158            </intent-filter>
159        </receiver>
160        <receiver
160-->[androidx.work:work-runtime:2.10.1] AndroidManifest.xml:89:9-99:20
161            android:name="androidx.work.impl.background.systemalarm.ConstraintProxy$StorageNotLowProxy"
161-->[androidx.work:work-runtime:2.10.1] AndroidManifest.xml:90:13-104
162            android:directBootAware="false"
162-->[androidx.work:work-runtime:2.10.1] AndroidManifest.xml:91:13-44
163            android:enabled="false"
163-->[androidx.work:work-runtime:2.10.1] AndroidManifest.xml:92:13-36
164            android:exported="false" >
164-->[androidx.work:work-runtime:2.10.1] AndroidManifest.xml:93:13-37
165            <intent-filter>
165-->[androidx.work:work-runtime:2.10.1] AndroidManifest.xml:95:13-98:29
166                <action android:name="android.intent.action.DEVICE_STORAGE_LOW" />
166-->[androidx.work:work-runtime:2.10.1] AndroidManifest.xml:96:17-83
166-->[androidx.work:work-runtime:2.10.1] AndroidManifest.xml:96:25-80
167                <action android:name="android.intent.action.DEVICE_STORAGE_OK" />
167-->[androidx.work:work-runtime:2.10.1] AndroidManifest.xml:97:17-82
167-->[androidx.work:work-runtime:2.10.1] AndroidManifest.xml:97:25-79
168            </intent-filter>
169        </receiver>
170        <receiver
170-->[androidx.work:work-runtime:2.10.1] AndroidManifest.xml:100:9-109:20
171            android:name="androidx.work.impl.background.systemalarm.ConstraintProxy$NetworkStateProxy"
171-->[androidx.work:work-runtime:2.10.1] AndroidManifest.xml:101:13-103
172            android:directBootAware="false"
172-->[androidx.work:work-runtime:2.10.1] AndroidManifest.xml:102:13-44
173            android:enabled="false"
173-->[androidx.work:work-runtime:2.10.1] AndroidManifest.xml:103:13-36
174            android:exported="false" >
174-->[androidx.work:work-runtime:2.10.1] AndroidManifest.xml:104:13-37
175            <intent-filter>
175-->[androidx.work:work-runtime:2.10.1] AndroidManifest.xml:106:13-108:29
176                <action android:name="android.net.conn.CONNECTIVITY_CHANGE" />
176-->[androidx.work:work-runtime:2.10.1] AndroidManifest.xml:107:17-79
176-->[androidx.work:work-runtime:2.10.1] AndroidManifest.xml:107:25-76
177            </intent-filter>
178        </receiver>
179        <receiver
179-->[androidx.work:work-runtime:2.10.1] AndroidManifest.xml:110:9-121:20
180            android:name="androidx.work.impl.background.systemalarm.RescheduleReceiver"
180-->[androidx.work:work-runtime:2.10.1] AndroidManifest.xml:111:13-88
181            android:directBootAware="false"
181-->[androidx.work:work-runtime:2.10.1] AndroidManifest.xml:112:13-44
182            android:enabled="false"
182-->[androidx.work:work-runtime:2.10.1] AndroidManifest.xml:113:13-36
183            android:exported="false" >
183-->[androidx.work:work-runtime:2.10.1] AndroidManifest.xml:114:13-37
184            <intent-filter>
184-->[androidx.work:work-runtime:2.10.1] AndroidManifest.xml:116:13-120:29
185                <action android:name="android.intent.action.BOOT_COMPLETED" />
185-->src/main/AndroidManifest.xml:51:17-79
185-->src/main/AndroidManifest.xml:51:25-76
186                <action android:name="android.intent.action.TIME_SET" />
186-->src/main/AndroidManifest.xml:54:17-73
186-->src/main/AndroidManifest.xml:54:25-70
187                <action android:name="android.intent.action.TIMEZONE_CHANGED" />
187-->src/main/AndroidManifest.xml:53:17-81
187-->src/main/AndroidManifest.xml:53:25-78
188            </intent-filter>
189        </receiver>
190        <receiver
190-->[androidx.work:work-runtime:2.10.1] AndroidManifest.xml:122:9-131:20
191            android:name="androidx.work.impl.background.systemalarm.ConstraintProxyUpdateReceiver"
191-->[androidx.work:work-runtime:2.10.1] AndroidManifest.xml:123:13-99
192            android:directBootAware="false"
192-->[androidx.work:work-runtime:2.10.1] AndroidManifest.xml:124:13-44
193            android:enabled="@bool/enable_system_alarm_service_default"
193-->[androidx.work:work-runtime:2.10.1] AndroidManifest.xml:125:13-72
194            android:exported="false" >
194-->[androidx.work:work-runtime:2.10.1] AndroidManifest.xml:126:13-37
195            <intent-filter>
195-->[androidx.work:work-runtime:2.10.1] AndroidManifest.xml:128:13-130:29
196                <action android:name="androidx.work.impl.background.systemalarm.UpdateProxies" />
196-->[androidx.work:work-runtime:2.10.1] AndroidManifest.xml:129:17-98
196-->[androidx.work:work-runtime:2.10.1] AndroidManifest.xml:129:25-95
197            </intent-filter>
198        </receiver>
199        <receiver
199-->[androidx.work:work-runtime:2.10.1] AndroidManifest.xml:132:9-142:20
200            android:name="androidx.work.impl.diagnostics.DiagnosticsReceiver"
200-->[androidx.work:work-runtime:2.10.1] AndroidManifest.xml:133:13-78
201            android:directBootAware="false"
201-->[androidx.work:work-runtime:2.10.1] AndroidManifest.xml:134:13-44
202            android:enabled="true"
202-->[androidx.work:work-runtime:2.10.1] AndroidManifest.xml:135:13-35
203            android:exported="true"
203-->[androidx.work:work-runtime:2.10.1] AndroidManifest.xml:136:13-36
204            android:permission="android.permission.DUMP" >
204-->[androidx.work:work-runtime:2.10.1] AndroidManifest.xml:137:13-57
205            <intent-filter>
205-->[androidx.work:work-runtime:2.10.1] AndroidManifest.xml:139:13-141:29
206                <action android:name="androidx.work.diagnostics.REQUEST_DIAGNOSTICS" />
206-->[androidx.work:work-runtime:2.10.1] AndroidManifest.xml:140:17-88
206-->[androidx.work:work-runtime:2.10.1] AndroidManifest.xml:140:25-85
207            </intent-filter>
208        </receiver>
209
210        <uses-library
210-->[androidx.window:window:1.5.0] AndroidManifest.xml:23:9-25:40
211            android:name="androidx.window.extensions"
211-->[androidx.window:window:1.5.0] AndroidManifest.xml:24:13-54
212            android:required="false" />
212-->[androidx.window:window:1.5.0] AndroidManifest.xml:25:13-37
213        <uses-library
213-->[androidx.window:window:1.5.0] AndroidManifest.xml:26:9-28:40
214            android:name="androidx.window.sidecar"
214-->[androidx.window:window:1.5.0] AndroidManifest.xml:27:13-51
215            android:required="false" />
215-->[androidx.window:window:1.5.0] AndroidManifest.xml:28:13-37
216
217        <service
217-->[androidx.room:room-runtime-android:2.7.1] AndroidManifest.xml:24:9-28:63
218            android:name="androidx.room.MultiInstanceInvalidationService"
218-->[androidx.room:room-runtime-android:2.7.1] AndroidManifest.xml:25:13-74
219            android:directBootAware="true"
219-->[androidx.room:room-runtime-android:2.7.1] AndroidManifest.xml:26:13-43
220            android:exported="false" />
220-->[androidx.room:room-runtime-android:2.7.1] AndroidManifest.xml:27:13-37
221
222        <receiver
222-->[androidx.profileinstaller:profileinstaller:1.4.0] AndroidManifest.xml:34:9-52:20
223            android:name="androidx.profileinstaller.ProfileInstallReceiver"
223-->[androidx.profileinstaller:profileinstaller:1.4.0] AndroidManifest.xml:35:13-76
224            android:directBootAware="false"
224-->[androidx.profileinstaller:profileinstaller:1.4.0] AndroidManifest.xml:36:13-44
225            android:enabled="true"
225-->[androidx.profileinstaller:profileinstaller:1.4.0] AndroidManifest.xml:37:13-35
226            android:exported="true"
226-->[androidx.profileinstaller:profileinstaller:1.4.0] AndroidManifest.xml:38:13-36
227            android:permission="android.permission.DUMP" >
227-->[androidx.profileinstaller:profileinstaller:1.4.0] AndroidManifest.xml:39:13-57
228            <intent-filter>
228-->[androidx.profileinstaller:profileinstaller:1.4.0] AndroidManifest.xml:40:13-42:29
229                <action android:name="androidx.profileinstaller.action.INSTALL_PROFILE" />
229-->[androidx.profileinstaller:profileinstaller:1.4.0] AndroidManifest.xml:41:17-91
229-->[androidx.profileinstaller:profileinstaller:1.4.0] AndroidManifest.xml:41:25-88
230            </intent-filter>
231            <intent-filter>
231-->[androidx.profileinstaller:profileinstaller:1.4.0] AndroidManifest.xml:43:13-45:29
232                <action android:name="androidx.profileinstaller.action.SKIP_FILE" />
232-->[androidx.profileinstaller:profileinstaller:1.4.0] AndroidManifest.xml:44:17-85
232-->[androidx.profileinstaller:profileinstaller:1.4.0] AndroidManifest.xml:44:25-82
233            </intent-filter>
234            <intent-filter>
234-->[androidx.profileinstaller:profileinstaller:1.4.0] AndroidManifest.xml:46:13-48:29
235                <action android:name="androidx.profileinstaller.action.SAVE_PROFILE" />
235-->[androidx.profileinstaller:profileinstaller:1.4.0] AndroidManifest.xml:47:17-88
235-->[androidx.profileinstaller:profileinstaller:1.4.0] AndroidManifest.xml:47:25-85
236            </intent-filter>
237            <intent-filter>
237-->[androidx.profileinstaller:profileinstaller:1.4.0] AndroidManifest.xml:49:13-51:29
238                <action android:name="androidx.profileinstaller.action.BENCHMARK_OPERATION" />
238-->[androidx.profileinstaller:profileinstaller:1.4.0] AndroidManifest.xml:50:17-95
238-->[androidx.profileinstaller:profileinstaller:1.4.0] AndroidManifest.xml:50:25-92
239            </intent-filter>
240        </receiver>
241    </application>
242
243</manifest>